<?xml version="1.0" encoding="UTF-8"?>
<!-- Generated by org.testng.reporters.JUnitXMLReporter -->
<testsuite ignored="0" hostname="KQ-LP-014" failures="2" tests="2" name="FormWithTestNGTest" time="25.742" errors="0" timestamp="2024-06-11T17:54:09 IST">
  <testcase classname="com.kiwiqa.testNGexamples.FormWithTestNG" name="formReg" time="0.07">
    <failure type="java.lang.NullPointerException" message="Cannot invoke &amp;quot;com.aventstack.extentreports.ExtentReports.createTest(String)&amp;quot; because &amp;quot;com.kiwiqa.commonfiles.ExtentReportManager.extent&amp;quot; is null">
      <![CDATA[java.lang.NullPointerException: Cannot invoke "com.aventstack.extentreports.ExtentReports.createTest(String)" because "com.kiwiqa.commonfiles.ExtentReportManager.extent" is null
at com.kiwiqa.commonfiles.TestListener.onTestStart(TestListener.java:12)
at java.base/java.util.ArrayList.forEach(ArrayList.java:1596)
... Removed 24 stack frames]]>
    </failure>
  </testcase> <!-- formReg -->
  <testcase classname="com.kiwiqa.testNGexamples.FormWithTestNG" name="formReg" time="0.159">
    <failure type="java.lang.NullPointerException" message="Cannot invoke &amp;quot;com.aventstack.extentreports.ExtentTest.log(com.aventstack.extentreports.Status, String)&amp;quot; because &amp;quot;com.kiwiqa.commonfiles.ExtentReportManager.test&amp;quot; is null">
      <![CDATA[java.lang.NullPointerException: Cannot invoke "com.aventstack.extentreports.ExtentTest.log(com.aventstack.extentreports.Status, String)" because "com.kiwiqa.commonfiles.ExtentReportManager.test" is null
at com.kiwiqa.commonfiles.TestListener.onTestFailure(TestListener.java:22)
at java.base/java.util.ArrayList.forEach(ArrayList.java:1596)
... Removed 24 stack frames]]>
    </failure>
  </testcase> <!-- formReg -->
</testsuite> <!-- FormWithTestNGTest -->
