<?xml version="1.0" encoding="UTF-8"?>
<!-- Generated by org.testng.reporters.JUnitXMLReporter -->
<testsuite ignored="0" hostname="KQ-LP-014" failures="0" tests="5" name="Test1" time="0.181" errors="0" timestamp="2024-06-05T17:33:36 IST">
  <testcase classname="com.kiwiqa.testNGexamples.TestNGMethodExample2" name="signup" time="0.015"/>
  <testcase classname="com.kiwiqa.testNGexamples.TestNGMethodExample2" name="home" time="0.006"/>
  <testcase classname="com.kiwiqa.testNGexamples.TestNGMethodExample2" name="login" time="0.012"/>
  <testcase classname="com.kiwiqa.testNGexamples.GroupIdExmaples" name="method2" time="0.019"/>
  <testcase classname="com.kiwiqa.testNGexamples.GroupIdExmaples" name="method1" time="0.019"/>
</testsuite> <!-- Test1 -->
