<?xml version="1.0" encoding="UTF-8"?>
<!-- Generated by org.testng.reporters.JUnitXMLReporter -->
<testsuite ignored="0" hostname="KQ-LP-014" failures="0" tests="14" name="Test" time="370.719" errors="0" timestamp="2024-05-21T14:58:43 IST">
  <testcase classname="com.kiwiqa.datepickersexample.DatePickerExamples" name="dataPickerDemo" time="19.565"/>
  <testcase classname="com.kiwiqa.sliderexamples.SliderExamples" name="progressBarDemo" time="31.633"/>
  <testcase classname="com.kiwiqa.sliderexamples.SliderExamples" name="sliderDemo" time="11.291"/>
  <testcase classname="com.kiwiqa.sliderexamples.SliderExamples" name="sliderDemo1" time="18.054"/>
  <testcase classname="com.kiwiqa.actionsclassmethods.ActionsClassMethods" name="doubleClickExample" time="9.67"/>
  <testcase classname="com.kiwiqa.actionsclassmethods.ActionsClassMethods" name="dragAndDropDemo" time="22.509"/>
  <testcase classname="com.kiwiqa.actionsclassmethods.ActionsClassMethods" name="iframeDemo" time="14.036"/>
  <testcase classname="com.kiwiqa.actionsclassmethods.ActionsClassMethods" name="iframeNestedDemo" time="53.524"/>
  <testcase classname="com.kiwiqa.actionsclassmethods.ActionsClassMethods" name="modalDialogsExamples" time="30.728"/>
  <testcase classname="com.kiwiqa.actionsclassmethods.ActionsClassMethods" name="multiSelect" time="8.834"/>
  <testcase classname="com.kiwiqa.actionsclassmethods.ActionsClassMethods" name="resizeDemo" time="9.176"/>
  <testcase classname="com.kiwiqa.actionsclassmethods.ActionsClassMethods" name="rightClickExample" time="7.544"/>
  <testcase classname="com.kiwiqa.actionsclassmethods.ActionsClassMethods" name="subMenuDemo" time="30.791"/>
  <testcase classname="com.kiwiqa.actionsclassmethods.ActionsClassMethods" name="toolTipExample" time="47.615"/>
</testsuite> <!-- Test -->
