<?xml version="1.0" encoding="UTF-8"?>
<testsuite xmlns:xsi="http://www.w3.org/2001/XMLSchema-instance" xsi:noNamespaceSchemaLocation="https://maven.apache.org/surefire/maven-surefire-plugin/xsd/surefire-test-report-3.0.xsd" version="3.0" name="TestSuite" time="373.577" tests="14" errors="0" skipped="0" failures="0">
  <properties>
[...]
</properties>
  <testcase name="dataPickerDemo" classname="com.kiwiqa.datepickersexample.DatePickerExamples" time="19.566">
    <system-err><![CDATA[SLF4J: Failed to load class "org.slf4j.impl.StaticLoggerBinder".
SLF4J: Defaulting to no-operation (NOP) logger implementation
SLF4J: See http://www.slf4j.org/codes.html#StaticLoggerBinder for further details.
May 21, 2024 2:52:38 PM org.openqa.selenium.devtools.CdpVersionFinder findNearestMatch
WARNING: Unable to find an exact match for CDP version 124, returning the closest version; found: 122; Please update to a Selenium version that supports CDP version 124
]]></system-err>
  </testcase>
  <testcase name="progressBarDemo" classname="com.kiwiqa.sliderexamples.SliderExamples" time="31.636">
    <system-out><![CDATA[Progress bar value is : 31
]]></system-out>
    <system-err><![CDATA[May 21, 2024 2:53:02 PM org.openqa.selenium.devtools.CdpVersionFinder findNearestMatch
WARNING: Unable to find an exact match for CDP version 124, returning the closest version; found: 122; Please update to a Selenium version that supports CDP version 124
]]></system-err>
  </testcase>
  <testcase name="sliderDemo" classname="com.kiwiqa.sliderexamples.SliderExamples" time="11.291">
    <system-err><![CDATA[May 21, 2024 2:53:38 PM org.openqa.selenium.devtools.CdpVersionFinder findNearestMatch
WARNING: Unable to find an exact match for CDP version 124, returning the closest version; found: 122; Please update to a Selenium version that supports CDP version 124
]]></system-err>
  </testcase>
  <testcase name="sliderDemo1" classname="com.kiwiqa.sliderexamples.SliderExamples" time="18.05">
    <system-out><![CDATA[(418, 523)
50
50
sliderDemo1 Testcase Is Pass
]]></system-out>
    <system-err><![CDATA[May 21, 2024 2:53:52 PM org.openqa.selenium.devtools.CdpVersionFinder findNearestMatch
WARNING: Unable to find an exact match for CDP version 124, returning the closest version; found: 122; Please update to a Selenium version that supports CDP version 124
]]></system-err>
  </testcase>
  <testcase name="doubleClickExample" classname="com.kiwiqa.actionsclassmethods.ActionsClassMethods" time="9.668">
    <system-err><![CDATA[May 21, 2024 2:54:13 PM org.openqa.selenium.devtools.CdpVersionFinder findNearestMatch
WARNING: Unable to find an exact match for CDP version 124, returning the closest version; found: 122; Please update to a Selenium version that supports CDP version 124
]]></system-err>
  </testcase>
  <testcase name="dragAndDropDemo" classname="com.kiwiqa.actionsclassmethods.ActionsClassMethods" time="22.513">
    <system-out><![CDATA[dragAndDropDemo Testcase IS pass 
]]></system-out>
    <system-err><![CDATA[May 21, 2024 2:54:26 PM org.openqa.selenium.devtools.CdpVersionFinder findNearestMatch
WARNING: Unable to find an exact match for CDP version 124, returning the closest version; found: 122; Please update to a Selenium version that supports CDP version 124
]]></system-err>
  </testcase>
  <testcase name="iframeDemo" classname="com.kiwiqa.actionsclassmethods.ActionsClassMethods" time="14.03">
    <system-err><![CDATA[May 21, 2024 2:54:52 PM org.openqa.selenium.devtools.CdpVersionFinder findNearestMatch
WARNING: Unable to find an exact match for CDP version 124, returning the closest version; found: 122; Please update to a Selenium version that supports CDP version 124
]]></system-err>
  </testcase>
  <testcase name="iframeNestedDemo" classname="com.kiwiqa.actionsclassmethods.ActionsClassMethods" time="53.526">
    <system-out><![CDATA[Inner frame Heading Text is : This page is displayed in an iframe
Outer  frame Heading Text is : You can use the height and width attributes to specify the size of the iframe:
]]></system-out>
    <system-err><![CDATA[May 21, 2024 2:55:09 PM org.openqa.selenium.devtools.CdpVersionFinder findNearestMatch
WARNING: Unable to find an exact match for CDP version 124, returning the closest version; found: 122; Please update to a Selenium version that supports CDP version 124
]]></system-err>
  </testcase>
  <testcase name="modalDialogsExamples" classname="com.kiwiqa.actionsclassmethods.ActionsClassMethods" time="30.728">
    <system-out><![CDATA[This is a small modal. It has very less content
Lorem Ipsum is simply dummy text of the printing and typesetting industry. Lorem Ipsum has been the industry's standard dummy text ever since the 1500s, when an unknown printer took a galley of type and scrambled it to make a type specimen book. It has survived not only five centuries, but also the leap into electronic typesetting, remaining essentially unchanged. It was popularised in the 1960s with the release of Letraset sheets containing Lorem Ipsum passages, and more recently with desktop publishing software like Aldus PageMaker including versions of Lorem Ipsum.
]]></system-out>
    <system-err><![CDATA[May 21, 2024 2:56:06 PM org.openqa.selenium.devtools.CdpVersionFinder findNearestMatch
WARNING: Unable to find an exact match for CDP version 124, returning the closest version; found: 122; Please update to a Selenium version that supports CDP version 124
]]></system-err>
  </testcase>
  <testcase name="multiSelect" classname="com.kiwiqa.actionsclassmethods.ActionsClassMethods" time="8.835">
    <system-out><![CDATA[Se
multiSelectExample is pass 
]]></system-out>
    <system-err><![CDATA[May 21, 2024 2:56:40 PM org.openqa.selenium.devtools.CdpVersionFinder findNearestMatch
WARNING: Unable to find an exact match for CDP version 124, returning the closest version; found: 122; Please update to a Selenium version that supports CDP version 124
]]></system-err>
  </testcase>
  <testcase name="resizeDemo" classname="com.kiwiqa.actionsclassmethods.ActionsClassMethods" time="9.179">
    <system-err><![CDATA[May 21, 2024 2:56:52 PM org.openqa.selenium.devtools.CdpVersionFinder findNearestMatch
WARNING: Unable to find an exact match for CDP version 124, returning the closest version; found: 122; Please update to a Selenium version that supports CDP version 124
]]></system-err>
  </testcase>
  <testcase name="rightClickExample" classname="com.kiwiqa.actionsclassmethods.ActionsClassMethods" time="7.544">
    <system-err><![CDATA[May 21, 2024 2:57:06 PM org.openqa.selenium.devtools.CdpVersionFinder findNearestMatch
WARNING: Unable to find an exact match for CDP version 124, returning the closest version; found: 122; Please update to a Selenium version that supports CDP version 124
]]></system-err>
  </testcase>
  <testcase name="subMenuDemo" classname="com.kiwiqa.actionsclassmethods.ActionsClassMethods" time="30.789">
    <system-out><![CDATA[Text Is : 
subMenuDemo Testcase is Fail
]]></system-out>
    <system-err><![CDATA[May 21, 2024 2:57:18 PM org.openqa.selenium.devtools.CdpVersionFinder findNearestMatch
WARNING: Unable to find an exact match for CDP version 124, returning the closest version; found: 122; Please update to a Selenium version that supports CDP version 124
]]></system-err>
  </testcase>
  <testcase name="toolTipExample" classname="com.kiwiqa.actionsclassmethods.ActionsClassMethods" time="47.62">
    <system-out><![CDATA[Tooltip text
]]></system-out>
    <system-err><![CDATA[May 21, 2024 2:57:53 PM org.openqa.selenium.devtools.CdpVersionFinder findNearestMatch
WARNING: Unable to find an exact match for CDP version 124, returning the closest version; found: 122; Please update to a Selenium version that supports CDP version 124
]]></system-err>
  </testcase>
</testsuite>