<?xml version="1.0" encoding="UTF-8"?>
<testng-results ignored="0" total="2" passed="2" failed="0" skipped="0">
  <reporter-output>
  </reporter-output>
  <suite started-at="2024-06-28T10:30:25 IST" name="Suite" finished-at="2024-06-28T10:31:57 IST" duration-ms="91593">
    <groups>
    </groups>
    <test started-at="2024-06-28T10:30:25 IST" name="Test" finished-at="2024-06-28T10:31:57 IST" duration-ms="91593">
      <class name="com.kiwiqa.testreport.TestClass">
        <test-method is-config="true" signature="beforeTest()[pri:0, instance:com.kiwiqa.testreport.TestClass@61862a7f]" started-at="2024-06-28T10:30:25 IST" name="beforeTest" finished-at="2024-06-28T10:30:38 IST" duration-ms="12785" status="PASS">
          <reporter-output>
          </reporter-output>
        </test-method> <!-- beforeTest -->
        <test-method signature="formReg()[pri:0, instance:com.kiwiqa.testreport.TestClass@61862a7f]" started-at="2024-06-28T10:30:38 IST" name="formReg" finished-at="2024-06-28T10:31:19 IST" duration-ms="40446" status="PASS">
          <reporter-output>
          </reporter-output>
        </test-method> <!-- formReg -->
        <test-method is-config="true" signature="afterMethod(org.testng.ITestResult)[pri:0, instance:com.kiwiqa.testreport.TestClass@61862a7f]" started-at="2024-06-28T10:31:19 IST" name="afterMethod" finished-at="2024-06-28T10:31:21 IST" duration-ms="2500" status="PASS">
          <params>
            <param index="0">
              <value>
                <![CDATA[[TestResult name=formReg status=SUCCESS method=TestClass.formReg()[pri:0, instance:com.kiwiqa.testreport.TestClass@61862a7f] output={null}]]]>
              </value>
            </param>
          </params>
          <reporter-output>
          </reporter-output>
        </test-method> <!-- afterMethod -->
        <test-method signature="loginVerify()[pri:0, instance:com.kiwiqa.testreport.TestClass@61862a7f]" started-at="2024-06-28T10:31:21 IST" name="loginVerify" finished-at="2024-06-28T10:31:54 IST" duration-ms="32533" status="PASS">
          <reporter-output>
          </reporter-output>
        </test-method> <!-- loginVerify -->
        <test-method is-config="true" signature="afterMethod(org.testng.ITestResult)[pri:0, instance:com.kiwiqa.testreport.TestClass@61862a7f]" started-at="2024-06-28T10:31:54 IST" name="afterMethod" finished-at="2024-06-28T10:31:56 IST" duration-ms="2257" status="PASS">
          <params>
            <param index="0">
              <value>
                <![CDATA[[TestResult name=loginVerify status=SUCCESS method=TestClass.loginVerify()[pri:0, instance:com.kiwiqa.testreport.TestClass@61862a7f] output={null}]]]>
              </value>
            </param>
          </params>
          <reporter-output>
          </reporter-output>
        </test-method> <!-- afterMethod -->
        <test-method is-config="true" signature="afterclass()[pri:0, instance:com.kiwiqa.testreport.TestClass@61862a7f]" started-at="2024-06-28T10:31:56 IST" name="afterclass" finished-at="2024-06-28T10:31:57 IST" duration-ms="885" status="PASS">
          <reporter-output>
          </reporter-output>
        </test-method> <!-- afterclass -->
      </class> <!-- com.kiwiqa.testreport.TestClass -->
    </test> <!-- Test -->
  </suite> <!-- Suite -->
</testng-results>
