<?xml version="1.0" encoding="UTF-8"?>
<testng-results ignored="0" total="2" passed="2" failed="0" skipped="0">
  <reporter-output>
  </reporter-output>
  <suite started-at="2024-06-28T10:04:37 IST" name="Suite" finished-at="2024-06-28T10:06:14 IST" duration-ms="96833">
    <groups>
    </groups>
    <test started-at="2024-06-28T10:04:37 IST" name="Test" finished-at="2024-06-28T10:06:14 IST" duration-ms="96833">
      <class name="com.kiwiqa.testreport.TestClass">
        <test-method is-config="true" signature="beforeTest()[pri:0, instance:com.kiwiqa.testreport.TestClass@222545dc]" started-at="2024-06-28T10:04:37 IST" name="beforeTest" finished-at="2024-06-28T10:04:49 IST" duration-ms="12367" status="PASS">
          <reporter-output>
          </reporter-output>
        </test-method> <!-- beforeTest -->
        <test-method signature="formReg()[pri:0, instance:com.kiwiqa.testreport.TestClass@222545dc]" started-at="2024-06-28T10:04:49 IST" name="formReg" finished-at="2024-06-28T10:05:35 IST" duration-ms="45473" status="PASS">
          <reporter-output>
          </reporter-output>
        </test-method> <!-- formReg -->
        <test-method is-config="true" signature="afterMethod(org.testng.ITestResult)[pri:0, instance:com.kiwiqa.testreport.TestClass@222545dc]" started-at="2024-06-28T10:05:35 IST" name="afterMethod" finished-at="2024-06-28T10:05:37 IST" duration-ms="2465" status="PASS">
          <params>
            <param index="0">
              <value>
                <![CDATA[[TestResult name=formReg status=SUCCESS method=TestClass.formReg()[pri:0, instance:com.kiwiqa.testreport.TestClass@222545dc] output={null}]]]>
              </value>
            </param>
          </params>
          <reporter-output>
          </reporter-output>
        </test-method> <!-- afterMethod -->
        <test-method signature="loginVerify()[pri:0, instance:com.kiwiqa.testreport.TestClass@222545dc]" started-at="2024-06-28T10:05:37 IST" name="loginVerify" finished-at="2024-06-28T10:06:11 IST" duration-ms="33342" status="PASS">
          <reporter-output>
          </reporter-output>
        </test-method> <!-- loginVerify -->
        <test-method is-config="true" signature="afterMethod(org.testng.ITestResult)[pri:0, instance:com.kiwiqa.testreport.TestClass@222545dc]" started-at="2024-06-28T10:06:11 IST" name="afterMethod" finished-at="2024-06-28T10:06:13 IST" duration-ms="2261" status="PASS">
          <params>
            <param index="0">
              <value>
                <![CDATA[[TestResult name=loginVerify status=SUCCESS method=TestClass.loginVerify()[pri:0, instance:com.kiwiqa.testreport.TestClass@222545dc] output={null}]]]>
              </value>
            </param>
          </params>
          <reporter-output>
          </reporter-output>
        </test-method> <!-- afterMethod -->
        <test-method is-config="true" signature="afterclass()[pri:0, instance:com.kiwiqa.testreport.TestClass@222545dc]" started-at="2024-06-28T10:06:13 IST" name="afterclass" finished-at="2024-06-28T10:06:14 IST" duration-ms="807" status="PASS">
          <reporter-output>
          </reporter-output>
        </test-method> <!-- afterclass -->
      </class> <!-- com.kiwiqa.testreport.TestClass -->
    </test> <!-- Test -->
  </suite> <!-- Suite -->
</testng-results>
